SF:C:\Pluralsight\code\Calculator\Calculator.Console\Calculator.cs
FN:5,System.Int64 Calculator.Calculator::Add(System.Int32,System.Int32)
FNDA:6,System.Int64 Calculator.Calculator::Add(System.Int32,System.Int32)
DA:6,6
DA:7,6
DA:8,6
DA:9,3
DA:10,3
DA:12,3
DA:13,6
BRDA:8,15,0,3
BRDA:8,15,1,3
LF:7
LH:7
BRF:2
BRH:2
FNF:1
FNH:1
end_of_record
SF:C:\Pluralsight\code\Calculator\Calculator.Console\Program.cs
FN:7,System.Void Calculator.Program::Main(System.String[])
FNDA:0,System.Void Calculator.Program::Main(System.String[])
DA:8,0
DA:9,0
DA:10,0
DA:11,0
LF:4
LH:0
BRF:0
BRH:0
FNF:1
FNH:0
end_of_record
SF:C:\Users\satyasyam\.nuget\packages\microsoft.net.test.sdk\16.0.1\build\netcoreapp1.0\Microsoft.NET.Test.Sdk.Program.cs
FN:3,System.Void AutoGeneratedProgram::Main(System.String[])
FNDA:0,System.Void AutoGeneratedProgram::Main(System.String[])
DA:4,0
LF:1
LH:0
BRF:0
BRH:0
FNF:1
FNH:0
end_of_record
SF:C:\Pluralsight\code\Calculator\Calculator.Tests\CalculatorTests.cs
FN:16,System.Void Calculator.Tests.CalculatorTests::TestResultForAddition(System.Int32,System.Int32,System.Int32)
FNDA:6,System.Void Calculator.Tests.CalculatorTests::TestResultForAddition(System.Int32,System.Int32,System.Int32)
DA:17,6
DA:18,6
DA:19,6
DA:20,6
LF:4
LH:4
BRF:0
BRH:0
FNF:1
FNH:1
end_of_record